2/12/2025 1:16:43пп: Таймери запущено
2/12/2025 1:16:43пп: Додано транспортний засіб: AT0001AT
2/12/2025 1:17:43пп: Списано 3.5 у.о. з AT0001AT. Залишок балансу: 26.5
2/12/2025 1:17:43пп: Поточний баланс парковки: 3.5
2/12/2025 1:18:43пп: Списано 3.5 у.о. з AT0001AT. Залишок балансу: 23.0
2/12/2025 1:18:43пп: Поточний баланс парковки: 7.0
2/12/2025 1:21:40пп: Списано 3.5 у.о. з AT0001AT. Залишок балансу: 19.5
2/12/2025 1:21:40пп: Поточний баланс парковки: 10.5
2/12/2025 1:22:40пп: Списано 3.5 у.о. з AT0001AT. Залишок балансу: 16.0
2/12/2025 1:22:40пп: Поточний баланс парковки: 14.0
2/12/2025 1:24:54пп: Списано 3.5 у.о. з AT0001AT. Залишок балансу: 12.5
2/12/2025 1:24:54пп: Поточний баланс парковки: 17.5
2/12/2025 1:25:54пп: Списано 3.5 у.о. з AT0001AT. Залишок балансу: 9.0
2/12/2025 1:25:54пп: Поточний баланс парковки: 21.0
2/12/2025 1:26:54пп: Списано 3.5 у.о. з AT0001AT. Залишок балансу: 5.5
2/12/2025 1:26:54пп: Поточний баланс парковки: 24.5
2/12/2025 1:27:54пп: Списано 3.5 у.о. з AT0001AT. Залишок балансу: 2.0
2/12/2025 1:27:54пп: Поточний баланс парковки: 28.0
2/12/2025 1:28:54пп: Списано 7.25 у.о. (з урахуванням штрафу) з AT0001AT. Баланс став негативним.
2/12/2025 1:28:54пп: Поточний баланс парковки: 35.25
2/12/2025 1:29:54пп: Списано 25.375 у.о. (з урахуванням штрафу) з AT0001AT. Баланс став негативним.
2/12/2025 1:29:54пп: Поточний баланс парковки: 60.625
2/12/2025 1:30:54пп: Списано 88.8125 у.о. (з урахуванням штрафу) з AT0001AT. Баланс став негативним.
2/12/2025 1:30:54пп: Поточний баланс парковки: 149.4375
2/12/2025 1:43:57пп: Таймери запущено
2/12/2025 1:43:57пп: Додано транспортний засіб: AT-0001-AT
2/12/2025 1:44:22пп: Додано транспортний засіб: AT-0002-AT
2/12/2025 1:44:34пп: Додано транспортний засіб: AT-0003-AT
2/12/2025 1:44:46пп: Додано транспортний засіб: AT-0004-AT
2/12/2025 1:44:57пп: Списано 2.0 у.о. з AT-0001-AT. Залишок балансу: 8.0
2/12/2025 1:44:57пп: Списано 5.0 у.о. з AT-0002-AT. Залишок балансу: 25.0
2/12/2025 1:44:57пп: Списано 3.5 у.о. з AT-0003-AT. Залишок балансу: 26.5
2/12/2025 1:44:57пп: Списано 1.5 у.о. з AT-0004-AT. Залишок балансу: 28.5
2/12/2025 1:44:57пп: Поточний баланс парковки: 12.0
2/12/2025 1:48:11пп: Таймери запущено
2/12/2025 1:48:11пп: Додано транспортний засіб: AT-0001-AT
2/12/2025 1:49:11пп: Списано 2.0 у.о. з AT-0001-AT. Залишок балансу: 28.0
2/12/2025 1:49:11пп: Поточний баланс парковки: 2.0
2/12/2025 1:50:11пп: Списано 2.0 у.о. з AT-0001-AT. Залишок балансу: 26.0
2/12/2025 1:50:11пп: Поточний баланс парковки: 4.0
2/12/2025 1:51:11пп: Списано 2.0 у.о. з AT-0001-AT. Залишок балансу: 24.0
2/12/2025 1:51:11пп: Поточний баланс парковки: 6.0
2/12/2025 1:52:11пп: Списано 2.0 у.о. з AT-0001-AT. Залишок балансу: 22.0
2/12/2025 1:52:11пп: Поточний баланс парковки: 8.0
2/12/2025 1:53:28пп: Таймери запущено
2/12/2025 1:53:28пп: Додано транспортний засіб: AT-0001-AT
2/12/2025 1:54:28пп: Списано 3.5 у.о. з AT-0001-AT. Залишок балансу: 26.5
2/12/2025 1:54:28пп: Поточний баланс парковки: 3.5
2/12/2025 2:55:14пп: Таймери запущено
2/12/2025 2:55:14пп: Додано транспортний засіб: AT-0001-AT
