2/6/2025 12:17:24 пп: Додано транспортний засіб: AA-0001-AA
2/6/2025 12:30:18 пп: Поповнено баланс AA-0001-AA на 5 у.о.
2/6/2025 12:55:49 пп: Додано транспортний засіб: AA-0001-AA
2/8/2025 2:36:43 пп: Додано транспортний засіб: AT-0882-CX
2/8/2025 2:38:58 пп: Поповнено баланс AT-0882-CX на 2 у.о.
2/10/2025 9:36:34 дп: Додано транспортний засіб: AT-0002-AT
2/10/2025 10:15:55 дп: Додано транспортний засіб: AB-0203-AB
2/10/2025 10:18:31 дп: Таймери запущено
2/10/2025 10:18:31 дп: Додано транспортний засіб: AB-0343-AT
2/10/2025 10:19:31 дп: Списано 3.5 у.о. з AB-0343-AT. Залишок балансу: 46.5
2/10/2025 10:19:31 дп: Поточний баланс парковки: 3.5
2/10/2025 10:20:31 дп: Списано 3.5 у.о. з AB-0343-AT. Залишок балансу: 43.0
2/10/2025 10:20:31 дп: Поточний баланс парковки: 7.0
2/10/2025 10:21:31 дп: Списано 3.5 у.о. з AB-0343-AT. Залишок балансу: 39.5
2/10/2025 10:21:31 дп: Поточний баланс парковки: 10.5
2/10/2025 10:22:31 дп: Списано 3.5 у.о. з AB-0343-AT. Залишок балансу: 36.0
2/10/2025 10:22:31 дп: Поточний баланс парковки: 14.0
2/10/2025 10:23:38 дп: Списано 3.5 у.о. з AB-0343-AT. Залишок балансу: 32.5
2/10/2025 10:23:38 дп: Поточний баланс парковки: 17.5
2/10/2025 10:24:58 дп: Списано 3.5 у.о. з AB-0343-AT. Залишок балансу: 29.0
2/10/2025 10:24:58 дп: Поточний баланс парковки: 21.0
2/10/2025 10:25:58 дп: Списано 3.5 у.о. з AB-0343-AT. Залишок балансу: 25.5
2/10/2025 10:25:58 дп: Поточний баланс парковки: 24.5
2/10/2025 10:26:58 дп: Списано 3.5 у.о. з AB-0343-AT. Залишок балансу: 22.0
2/10/2025 10:26:58 дп: Поточний баланс парковки: 28.0
2/10/2025 10:27:58 дп: Списано 3.5 у.о. з AB-0343-AT. Залишок балансу: 18.5
2/10/2025 10:27:58 дп: Поточний баланс парковки: 31.5
2/10/2025 10:29:14 дп: Списано 3.5 у.о. з AB-0343-AT. Залишок балансу: 15.0
2/10/2025 10:29:14 дп: Поточний баланс парковки: 35.0
2/10/2025 10:30:42 дп: Списано 3.5 у.о. з AB-0343-AT. Залишок балансу: 11.5
2/10/2025 10:30:42 дп: Поточний баланс парковки: 38.5
2/10/2025 10:31:42 дп: Списано 3.5 у.о. з AB-0343-AT. Залишок балансу: 8.0
2/10/2025 10:31:42 дп: Поточний баланс парковки: 42.0
2/10/2025 10:32:42 дп: Списано 3.5 у.о. з AB-0343-AT. Залишок балансу: 4.5
2/10/2025 10:32:42 дп: Поточний баланс парковки: 45.5
